I, [2009-04-25T21:56:18.900804 #20409]  INFO -- : created directory bin
I, [2009-04-25T21:56:18.903506 #20409]  INFO -- : created directory config
I, [2009-04-25T21:56:18.905911 #20409]  INFO -- : created directory lib
I, [2009-04-25T21:56:18.909046 #20409]  INFO -- : created directory lib/antlr3
I, [2009-04-25T21:56:18.911977 #20409]  INFO -- : created directory lib/core-ext
I, [2009-04-25T21:56:18.981219 #20409]  INFO -- : created directory notes
I, [2009-04-25T21:56:18.985403 #20409]  INFO -- : created directory scratch
I, [2009-04-25T21:56:18.989387 #20409]  INFO -- : created directory scripts
I, [2009-04-25T21:56:19.119579 #20409]  INFO -- : created directory spec
I, [2009-04-25T21:56:19.124989 #20409]  INFO -- : created directory test
I, [2009-04-25T21:56:19.167775 #20409]  INFO -- : generated History.txt (history log)
I, [2009-04-25T21:56:19.184657 #20409]  INFO -- : generated bin/antlr3 (command line executable)
I, [2009-04-25T21:56:19.185747 #20409]  INFO -- : generated Rakefile (setup for rake tasks)
I, [2009-04-25T21:56:19.202832 #20409]  INFO -- : generated lib/antlr3.rb (project base library file)
I, [2009-04-25T21:56:19.204919 #20409]  INFO -- : generated README.txt (primary project documentation and liscence info)
I, [2009-04-25T21:56:19.212054 #20409]  INFO -- : generated config/project.yaml (experimental project config collection)
I, [2009-04-25T21:56:19.213876 #20409]  INFO -- : generated config/irb.rb (irb session configuration)
I, [2009-04-25T21:56:19.302759 #20409]  INFO -- : generated komodo project file antlr3.kpf
I, [2009-04-25T21:56:19.303273 #20409]  INFO -- : initializing bazaar repository
I, [2009-04-25T21:56:28.731375 #20409]  INFO -- : project created!
