[INFO] Scanning for projects...
[INFO] ------------------------------------------------------------------------
[INFO] Building ANTLR Grammar Tool
[INFO]    task-segment: [install]
[INFO] ------------------------------------------------------------------------
[INFO] [buildnumber:create {execution: default}]
[INFO] Storing buildNumber: Nov 15, 2009 14:35:54 at timestamp: 1258313754993
[INFO] [antlr:generate {execution: default}]
[INFO] Using Antlr grammar: /home/kyle/lib/ruby/projects/antlr3/package/tool/src/main/antlr2/org/antlr/grammar/v2/antlr.g
[INFO] Using Antlr grammar: /home/kyle/lib/ruby/projects/antlr3/package/tool/src/main/antlr2/org/antlr/grammar/v2/codegen.g
[INFO] Using Antlr grammar: /home/kyle/lib/ruby/projects/antlr3/package/tool/src/main/antlr2/org/antlr/grammar/v2/antlr.print.g
[INFO] Using Antlr grammar: /home/kyle/lib/ruby/projects/antlr3/package/tool/src/main/antlr2/org/antlr/grammar/v2/assign.types.g
[INFO] Using Antlr grammar: /home/kyle/lib/ruby/projects/antlr3/package/tool/src/main/antlr2/org/antlr/grammar/v2/buildnfa.g
[INFO] Using Antlr grammar: /home/kyle/lib/ruby/projects/antlr3/package/tool/src/main/antlr2/org/antlr/grammar/v2/define.g
[INFO] [antlr3:antlr {execution: default}]
[INFO] ANTLR: Processing source directory /home/kyle/lib/ruby/projects/antlr3/package/tool/src/main/antlr3
org/antlr/grammar/v3/ANTLRv3.g
org/antlr/grammar/v3/ActionAnalysis.g
org/antlr/grammar/v3/ANTLRv3Tree.g
org/antlr/grammar/v3/ActionTranslator.g
[INFO] [resources:resources]
[INFO] Using default encoding to copy filtered resources.
[INFO] [compiler:compile]
[INFO] Compiling 105 source files to /home/kyle/lib/ruby/projects/antlr3/package/tool/target/classes
[INFO] [resources:testResources]
[INFO] Using default encoding to copy filtered resources.
[INFO] [compiler:testCompile]
[INFO] Not compiling test sources
[INFO] [surefire:test]
[INFO] Tests are skipped.
[INFO] [jar:jar]
[INFO] Building jar: /home/kyle/lib/ruby/projects/antlr3/package/tool/target/antlr-3.2.jar
[INFO] [install:install]
[INFO] Installing /home/kyle/lib/ruby/projects/antlr3/package/tool/target/antlr-3.2.jar to /home/kyle/.m2/repository/org/antlr/antlr/3.2/antlr-3.2.jar
[INFO] ------------------------------------------------------------------------
[INFO] BUILD SUCCESSFUL
[INFO] ------------------------------------------------------------------------
[INFO] Total time: 33 seconds
[INFO] Finished at: Sun Nov 15 14:36:17 EST 2009
[INFO] Final Memory: 22M/48M
[INFO] ------------------------------------------------------------------------
